2023-01-14 14:07:18.489  INFO 14812 --- [main] com.example.Application                  : Starting Application on DESKTOP-4HLQOMH with PID 14812 (D:\Downloads\deliciousFoods-main\target\classes started by 86157 in D:\Downloads\deliciousFoods-main)
2023-01-14 14:07:18.499  INFO 14812 --- [main] com.example.Application                  : No active profile set, falling back to default profiles: default
2023-01-14 14:07:19.354  WARN 14812 --- [main] o.m.s.mapper.ClassPathMapperScanner      : No MyBatis mapper was found in '[com.example]' package. Please check your configuration.
2023-01-14 14:07:20.195  INFO 14812 --- [main] o.s.b.w.embedded.tomcat.TomcatWebServer  : Tomcat initialized with port(s): 8080 (http)
2023-01-14 14:07:20.228  INFO 14812 --- [main] o.apache.catalina.core.StandardService   : Starting service [Tomcat]
2023-01-14 14:07:20.229  INFO 14812 --- [main] org.apache.catalina.core.StandardEngine  : Starting Servlet Engine: Apache Tomcat/9.0.12
2023-01-14 14:07:20.245  INFO 14812 --- [main] o.a.catalina.core.AprLifecycleListener   : Loaded APR based Apache Tomcat Native library [1.2.35] using APR version [1.7.0].
2023-01-14 14:07:20.245  INFO 14812 --- [main] o.a.catalina.core.AprLifecycleListener   : APR capabilities: IPv6 [true], sendfile [true], accept filters [false], random [true].
2023-01-14 14:07:20.245  INFO 14812 --- [main] o.a.catalina.core.AprLifecycleListener   : APR/OpenSSL configuration: useAprConnector [false], useOpenSSL [true]
2023-01-14 14:07:20.253  INFO 14812 --- [main] o.a.catalina.core.AprLifecycleListener   : OpenSSL successfully initialized [OpenSSL 1.1.1q  5 Jul 2022]
2023-01-14 14:07:20.457  INFO 14812 --- [main] o.a.c.c.C.[Tomcat].[localhost].[/]       : Initializing Spring embedded WebApplicationContext
2023-01-14 14:07:20.458  INFO 14812 --- [main] o.s.web.context.ContextLoader            : Root WebApplicationContext: initialization completed in 1886 ms
2023-01-14 14:07:20.497  INFO 14812 --- [main] o.s.b.w.servlet.ServletRegistrationBean  : Servlet dispatcherServlet mapped to [/]
2023-01-14 14:07:20.502  INFO 14812 --- [main] o.s.b.w.servlet.FilterRegistrationBean   : Mapping filter: 'characterEncodingFilter' to: [/*]
2023-01-14 14:07:20.503  INFO 14812 --- [main] o.s.b.w.servlet.FilterRegistrationBean   : Mapping filter: 'hiddenHttpMethodFilter' to: [/*]
2023-01-14 14:07:20.503  INFO 14812 --- [main] o.s.b.w.servlet.FilterRegistrationBean   : Mapping filter: 'formContentFilter' to: [/*]
2023-01-14 14:07:20.503  INFO 14812 --- [main] o.s.b.w.servlet.FilterRegistrationBean   : Mapping filter: 'requestContextFilter' to: [/*]
2023-01-14 14:07:21.983  INFO 14812 --- [main] o.s.s.concurrent.ThreadPoolTaskExecutor  : Initializing ExecutorService 'applicationTaskExecutor'
2023-01-14 14:07:22.390  INFO 14812 --- [main] o.s.b.w.embedded.tomcat.TomcatWebServer  : Tomcat started on port(s): 8080 (http) with context path ''
2023-01-14 14:07:22.394  INFO 14812 --- [main] com.example.Application                  : Started Application in 4.431 seconds (JVM running for 6.065)
2023-01-14 14:08:14.299  INFO 14812 --- [http-nio-8080-exec-1] o.a.c.c.C.[Tomcat].[localhost].[/]       : Initializing Spring DispatcherServlet 'dispatcherServlet'
2023-01-14 14:08:14.299  INFO 14812 --- [http-nio-8080-exec-1] o.s.web.servlet.DispatcherServlet        : Initializing Servlet 'dispatcherServlet'
2023-01-14 14:08:14.313  INFO 14812 --- [http-nio-8080-exec-1] o.s.web.servlet.DispatcherServlet        : Completed initialization in 13 ms
2023-01-14 14:08:15.017  INFO 14812 --- [http-nio-8080-exec-4] com.zaxxer.hikari.HikariDataSource       : HikariPool-1 - Starting...
2023-01-14 14:08:15.463  INFO 14812 --- [http-nio-8080-exec-4] com.zaxxer.hikari.HikariDataSource       : HikariPool-1 - Start completed.
2023-01-14 14:14:37.106  INFO 14812 --- [Thread-2] o.s.s.concurrent.ThreadPoolTaskExecutor  : Shutting down ExecutorService 'applicationTaskExecutor'
2023-01-14 14:14:37.108  INFO 14812 --- [Thread-2] com.zaxxer.hikari.HikariDataSource       : HikariPool-1 - Shutdown initiated...
2023-01-14 14:14:37.120  INFO 14812 --- [Thread-2] com.zaxxer.hikari.HikariDataSource       : HikariPool-1 - Shutdown completed.
2023-01-14 14:19:15.122  INFO 16212 --- [main] com.example.Application                  : Starting Application on DESKTOP-4HLQOMH with PID 16212 (D:\Downloads\deliciousFoods-main\target\classes started by 86157 in D:\Downloads\deliciousFoods-main)
2023-01-14 14:19:15.127  INFO 16212 --- [main] com.example.Application                  : No active profile set, falling back to default profiles: default
2023-01-14 14:19:15.998  WARN 16212 --- [main] o.m.s.mapper.ClassPathMapperScanner      : No MyBatis mapper was found in '[com.example]' package. Please check your configuration.
2023-01-14 14:19:16.757  INFO 16212 --- [main] o.s.b.w.embedded.tomcat.TomcatWebServer  : Tomcat initialized with port(s): 8080 (http)
2023-01-14 14:19:16.784  INFO 16212 --- [main] o.apache.catalina.core.StandardService   : Starting service [Tomcat]
2023-01-14 14:19:16.785  INFO 16212 --- [main] org.apache.catalina.core.StandardEngine  : Starting Servlet Engine: Apache Tomcat/9.0.12
2023-01-14 14:19:16.795  INFO 16212 --- [main] o.a.catalina.core.AprLifecycleListener   : Loaded APR based Apache Tomcat Native library [1.2.35] using APR version [1.7.0].
2023-01-14 14:19:16.795  INFO 16212 --- [main] o.a.catalina.core.AprLifecycleListener   : APR capabilities: IPv6 [true], sendfile [true], accept filters [false], random [true].
2023-01-14 14:19:16.795  INFO 16212 --- [main] o.a.catalina.core.AprLifecycleListener   : APR/OpenSSL configuration: useAprConnector [false], useOpenSSL [true]
2023-01-14 14:19:16.801  INFO 16212 --- [main] o.a.catalina.core.AprLifecycleListener   : OpenSSL successfully initialized [OpenSSL 1.1.1q  5 Jul 2022]
2023-01-14 14:19:16.996  INFO 16212 --- [main] o.a.c.c.C.[Tomcat].[localhost].[/]       : Initializing Spring embedded WebApplicationContext
2023-01-14 14:19:16.997  INFO 16212 --- [main] o.s.web.context.ContextLoader            : Root WebApplicationContext: initialization completed in 1782 ms
2023-01-14 14:19:17.033  INFO 16212 --- [main] o.s.b.w.servlet.ServletRegistrationBean  : Servlet dispatcherServlet mapped to [/]
2023-01-14 14:19:17.039  INFO 16212 --- [main] o.s.b.w.servlet.FilterRegistrationBean   : Mapping filter: 'characterEncodingFilter' to: [/*]
2023-01-14 14:19:17.040  INFO 16212 --- [main] o.s.b.w.servlet.FilterRegistrationBean   : Mapping filter: 'hiddenHttpMethodFilter' to: [/*]
2023-01-14 14:19:17.040  INFO 16212 --- [main] o.s.b.w.servlet.FilterRegistrationBean   : Mapping filter: 'formContentFilter' to: [/*]
2023-01-14 14:19:17.041  INFO 16212 --- [main] o.s.b.w.servlet.FilterRegistrationBean   : Mapping filter: 'requestContextFilter' to: [/*]
2023-01-14 14:19:18.396  INFO 16212 --- [main] o.s.s.concurrent.ThreadPoolTaskExecutor  : Initializing ExecutorService 'applicationTaskExecutor'
2023-01-14 14:19:18.766  INFO 16212 --- [main] o.s.b.w.embedded.tomcat.TomcatWebServer  : Tomcat started on port(s): 8080 (http) with context path ''
2023-01-14 14:19:18.769  INFO 16212 --- [main] com.example.Application                  : Started Application in 4.168 seconds (JVM running for 5.547)
2023-01-14 14:19:22.562  INFO 16212 --- [http-nio-8080-exec-2] o.a.c.c.C.[Tomcat].[localhost].[/]       : Initializing Spring DispatcherServlet 'dispatcherServlet'
2023-01-14 14:19:22.562  INFO 16212 --- [http-nio-8080-exec-2] o.s.web.servlet.DispatcherServlet        : Initializing Servlet 'dispatcherServlet'
2023-01-14 14:19:22.593  INFO 16212 --- [http-nio-8080-exec-2] o.s.web.servlet.DispatcherServlet        : Completed initialization in 23 ms
2023-01-14 14:19:22.865  INFO 16212 --- [http-nio-8080-exec-2] com.zaxxer.hikari.HikariDataSource       : HikariPool-1 - Starting...
2023-01-14 14:19:23.093  INFO 16212 --- [http-nio-8080-exec-2] com.zaxxer.hikari.HikariDataSource       : HikariPool-1 - Start completed.
2023-01-14 14:21:04.396  INFO 16212 --- [Thread-2] o.s.s.concurrent.ThreadPoolTaskExecutor  : Shutting down ExecutorService 'applicationTaskExecutor'
2023-01-14 14:21:04.399  INFO 16212 --- [Thread-2] com.zaxxer.hikari.HikariDataSource       : HikariPool-1 - Shutdown initiated...
2023-01-14 14:21:04.410  INFO 16212 --- [Thread-2] com.zaxxer.hikari.HikariDataSource       : HikariPool-1 - Shutdown completed.
2023-01-14 14:21:07.900  INFO 18288 --- [main] com.example.Application                  : Starting Application on DESKTOP-4HLQOMH with PID 18288 (D:\Downloads\deliciousFoods-main\target\classes started by 86157 in D:\Downloads\deliciousFoods-main)
2023-01-14 14:21:07.906  INFO 18288 --- [main] com.example.Application                  : No active profile set, falling back to default profiles: default
2023-01-14 14:21:09.034  WARN 18288 --- [main] o.m.s.mapper.ClassPathMapperScanner      : No MyBatis mapper was found in '[com.example]' package. Please check your configuration.
2023-01-14 14:21:09.910  INFO 18288 --- [main] o.s.b.w.embedded.tomcat.TomcatWebServer  : Tomcat initialized with port(s): 8080 (http)
2023-01-14 14:21:09.937  INFO 18288 --- [main] o.apache.catalina.core.StandardService   : Starting service [Tomcat]
2023-01-14 14:21:09.938  INFO 18288 --- [main] org.apache.catalina.core.StandardEngine  : Starting Servlet Engine: Apache Tomcat/9.0.12
2023-01-14 14:21:09.951  INFO 18288 --- [main] o.a.catalina.core.AprLifecycleListener   : Loaded APR based Apache Tomcat Native library [1.2.35] using APR version [1.7.0].
2023-01-14 14:21:09.952  INFO 18288 --- [main] o.a.catalina.core.AprLifecycleListener   : APR capabilities: IPv6 [true], sendfile [true], accept filters [false], random [true].
2023-01-14 14:21:09.953  INFO 18288 --- [main] o.a.catalina.core.AprLifecycleListener   : APR/OpenSSL configuration: useAprConnector [false], useOpenSSL [true]
2023-01-14 14:21:09.959  INFO 18288 --- [main] o.a.catalina.core.AprLifecycleListener   : OpenSSL successfully initialized [OpenSSL 1.1.1q  5 Jul 2022]
2023-01-14 14:21:10.239  INFO 18288 --- [main] o.a.c.c.C.[Tomcat].[localhost].[/]       : Initializing Spring embedded WebApplicationContext
2023-01-14 14:21:10.239  INFO 18288 --- [main] o.s.web.context.ContextLoader            : Root WebApplicationContext: initialization completed in 2232 ms
2023-01-14 14:21:10.309  INFO 18288 --- [main] o.s.b.w.servlet.ServletRegistrationBean  : Servlet dispatcherServlet mapped to [/]
2023-01-14 14:21:10.340  INFO 18288 --- [main] o.s.b.w.servlet.FilterRegistrationBean   : Mapping filter: 'characterEncodingFilter' to: [/*]
2023-01-14 14:21:10.341  INFO 18288 --- [main] o.s.b.w.servlet.FilterRegistrationBean   : Mapping filter: 'hiddenHttpMethodFilter' to: [/*]
2023-01-14 14:21:10.345  INFO 18288 --- [main] o.s.b.w.servlet.FilterRegistrationBean   : Mapping filter: 'formContentFilter' to: [/*]
2023-01-14 14:21:10.346  INFO 18288 --- [main] o.s.b.w.servlet.FilterRegistrationBean   : Mapping filter: 'requestContextFilter' to: [/*]
2023-01-14 14:21:12.343  INFO 18288 --- [main] o.s.s.concurrent.ThreadPoolTaskExecutor  : Initializing ExecutorService 'applicationTaskExecutor'
2023-01-14 14:21:12.770  INFO 18288 --- [main] o.s.b.w.embedded.tomcat.TomcatWebServer  : Tomcat started on port(s): 8080 (http) with context path ''
2023-01-14 14:21:12.773  INFO 18288 --- [main] com.example.Application                  : Started Application in 5.392 seconds (JVM running for 6.767)
2023-01-14 14:21:17.132  INFO 18288 --- [http-nio-8080-exec-1] o.a.c.c.C.[Tomcat].[localhost].[/]       : Initializing Spring DispatcherServlet 'dispatcherServlet'
2023-01-14 14:21:17.133  INFO 18288 --- [http-nio-8080-exec-1] o.s.web.servlet.DispatcherServlet        : Initializing Servlet 'dispatcherServlet'
2023-01-14 14:21:17.161  INFO 18288 --- [http-nio-8080-exec-1] o.s.web.servlet.DispatcherServlet        : Completed initialization in 27 ms
2023-01-14 14:21:17.387  INFO 18288 --- [http-nio-8080-exec-3] com.zaxxer.hikari.HikariDataSource       : HikariPool-1 - Starting...
2023-01-14 14:21:17.614  INFO 18288 --- [http-nio-8080-exec-3] com.zaxxer.hikari.HikariDataSource       : HikariPool-1 - Start completed.
2023-01-14 14:21:48.960  INFO 18288 --- [Thread-2] o.s.s.concurrent.ThreadPoolTaskExecutor  : Shutting down ExecutorService 'applicationTaskExecutor'
2023-01-14 14:21:48.962  INFO 18288 --- [Thread-2] com.zaxxer.hikari.HikariDataSource       : HikariPool-1 - Shutdown initiated...
2023-01-14 14:21:48.973  INFO 18288 --- [Thread-2] com.zaxxer.hikari.HikariDataSource       : HikariPool-1 - Shutdown completed.
